[debug] [2017-10-27T07:53:01.801Z] ----------------------------------------------------------------------
[debug] [2017-10-27T07:53:01.801Z] Command:       C:\Program Files\nodejs\node.exe C:\Users\R1163213\AppData\Roaming\npm\node_modules\firebase-tools\bin\firebase serve
[debug] [2017-10-27T07:53:01.801Z] CLI Version:   3.13.1
[debug] [2017-10-27T07:53:01.801Z] Platform:      win32
[debug] [2017-10-27T07:53:01.801Z] Node Version:  v6.10.0
[debug] [2017-10-27T07:53:01.801Z] Time:          Fri Oct 27 2017 13:23:01 GMT+0530 (India Standard Time)
[debug] [2017-10-27T07:53:01.801Z] ----------------------------------------------------------------------
[debug] 
[debug] [2017-10-27T07:53:01.816Z] > command requires scopes: ["email","openid","https://www.googleapis.com/auth/cloudplatformprojects.readonly","https://www.googleapis.com/auth/firebase","https://www.googleapis.com/auth/cloud-platform"]
[debug] [2017-10-27T07:53:01.816Z] > authorizing via signed-in user
[debug] [2017-10-27T07:53:01.816Z] >>> HTTP REQUEST GET https://admin.firebase.com/v1/projects/dhanaifruitsmart01  
 Fri Oct 27 2017 13:23:01 GMT+0530 (India Standard Time)
[debug] [2017-10-27T07:53:03.690Z] <<< HTTP RESPONSE 200
[debug] [2017-10-27T07:53:03.690Z] >>> HTTP REQUEST GET https://admin.firebase.com/v1/database/dhanaifruitsmart01/tokens  
 Fri Oct 27 2017 13:23:03 GMT+0530 (India Standard Time)
[debug] [2017-10-27T07:53:05.204Z] <<< HTTP RESPONSE 200
[info] 
[info] === Serving from 'C:\Users\R1163213\Downloads\newDashboard\MyAngular-Dashboard'...
[info] 
[debug] [2017-10-27T07:53:05.204Z] >>> HTTP REQUEST GET https://cloudresourcemanager.googleapis.com/v1/projects/dhanaifruitsmart01  
 Fri Oct 27 2017 13:23:05 GMT+0530 (India Standard Time)
[debug] [2017-10-27T07:53:06.968Z] <<< HTTP RESPONSE 200
[debug] [2017-10-27T07:53:06.968Z] >>> HTTP REQUEST GET https://mobilesdk-pa.googleapis.com/v1/projects/942245099813/clients/_:getWebAppConfig  
 Fri Oct 27 2017 13:23:06 GMT+0530 (India Standard Time)
[debug] [2017-10-27T07:53:07.719Z] <<< HTTP RESPONSE 200
[info] i  hosting: Serving hosting files from: dist
[info] +  hosting: Local server: http://localhost:5000

